
Unexpected Signal : EXCEPTION_ILLEGAL_INSTRUCTION occurred at PC=0x9fa7ec
Function name=startsWith (compiled Java code)
Library=(N/A)

Current Java thread:

Dynamic libraries:
0x00400000 - 0x00405000 	d:\jdk1.3\bin\javac.exe
0x77F60000 - 0x77FBE000 	C:\WINNT4\System32\ntdll.dll
0x77DC0000 - 0x77DFF000 	C:\WINNT4\system32\ADVAPI32.dll
0x77F00000 - 0x77F5E000 	C:\WINNT4\system32\KERNEL32.dll
0x77E70000 - 0x77EC5000 	C:\WINNT4\system32\USER32.dll
0x77ED0000 - 0x77EFC000 	C:\WINNT4\system32\GDI32.dll
0x77E10000 - 0x77E67000 	C:\WINNT4\system32\RPCRT4.dll
0x78000000 - 0x78044000 	C:\WINNT4\system32\MSVCRT.dll
0x6D420000 - 0x6D4EF000 	d:\jdk1.3\jre\bin\hotspot\jvm.dll
0x77FD0000 - 0x77FFA000 	C:\WINNT4\System32\WINMM.dll
0x6BD00000 - 0x6BD0D000 	C:\WINNT4\System32\sbpcint4.dll
0x77A90000 - 0x77A9B000 	C:\WINNT4\system32\VERSION.dll
0x77C40000 - 0x77D7C000 	C:\WINNT4\system32\SHELL32.dll
0x715A0000 - 0x71629000 	C:\WINNT4\system32\COMCTL32.dll
0x779C0000 - 0x779C8000 	C:\WINNT4\system32\LZ32.dll
0x10000000 - 0x10005000 	C:\WINNT4\System32\sbpcir32.dll
0x6D220000 - 0x6D227000 	d:\jdk1.3\jre\bin\hpi.dll
0x6D3B0000 - 0x6D3BD000 	d:\jdk1.3\jre\bin\verify.dll
0x6D250000 - 0x6D266000 	d:\jdk1.3\jre\bin\java.dll
0x6D3C0000 - 0x6D3CD000 	d:\jdk1.3\jre\bin\zip.dll
0x76AC0000 - 0x76ADD000 	C:\WINNT4\System32\imagehlp.dll
0x71DC0000 - 0x71DCA000 	C:\WINNT4\System32\PSAPI.DLL

Local Time = Fri Jul 20 15:31:57 2001
Elapsed Time = 2
#
# HotSpot Virtual Machine Error : EXCEPTION_ILLEGAL_INSTRUCTION
# Error ID : 4F530E43505002CC
# Please report this error at
# http://java.sun.com/cgi-bin/bugreport.cgi
#
# Java VM: Java HotSpot(TM) Client VM (1.3.1-b24 mixed mode)
#
